============================= test session starts =============================
platform win32 -- Python 3.14.0, pytest-9.0.2, pluggy-1.6.0 -- C:\Python314\python.exe
cachedir: .pytest_cache
rootdir: D:\PROJECTS\SHL PROJECT\ASSESSMENT RECOMMENDATION ENGINE
plugins: anyio-4.12.0
collecting ... collected 34 items

tests/test_evaluation.py::TestRecallAtK::test_single_label_hit PASSED    [  2%]
tests/test_evaluation.py::TestRecallAtK::test_single_label_miss PASSED   [  5%]
tests/test_evaluation.py::TestRecallAtK::test_multi_label PASSED         [  8%]
tests/test_evaluation.py::TestRecallAtK::test_empty_true PASSED          [ 11%]
tests/test_evaluation.py::TestRecallAtK::test_empty_predictions PASSED   [ 14%]
tests/test_evaluation.py::TestPrecisionAtK::test_all_relevant PASSED     [ 17%]
tests/test_evaluation.py::TestPrecisionAtK::test_none_relevant PASSED    [ 20%]
tests/test_evaluation.py::TestPrecisionAtK::test_partial_relevant PASSED [ 23%]
tests/test_evaluation.py::TestReciprocalRank::test_first_position PASSED [ 26%]
tests/test_evaluation.py::TestReciprocalRank::test_second_position PASSED [ 29%]
tests/test_evaluation.py::TestReciprocalRank::test_third_position PASSED [ 32%]
tests/test_evaluation.py::TestReciprocalRank::test_not_found PASSED      [ 35%]
tests/test_evaluation.py::TestReciprocalRank::test_multiple_relevant PASSED [ 38%]
tests/test_evaluation.py::TestAveragePrecision::test_perfect_ranking PASSED [ 41%]
tests/test_evaluation.py::TestAveragePrecision::test_imperfect_ranking PASSED [ 44%]
tests/test_evaluation.py::TestMeanMetrics::test_mrr PASSED               [ 47%]
tests/test_evaluation.py::TestMeanMetrics::test_map PASSED               [ 50%]
tests/test_evaluation.py::TestEvaluationReport::test_report_generation PASSED [ 52%]
tests/test_recommender.py::TestRecommendationResult::test_result_to_dict PASSED [ 55%]
tests/test_recommender.py::TestAssessmentRecommender::test_recommender_load PASSED [ 58%]
tests/test_recommender.py::TestAssessmentRecommender::test_recommend_returns_results PASSED [ 61%]
tests/test_recommender.py::TestAssessmentRecommender::test_recommend_urls PASSED [ 64%]
tests/test_recommender.py::TestAssessmentRecommender::test_query_intent_analysis PASSED [ 67%]
tests/test_recommender.py::TestCatalogLoader::test_load_catalog PASSED   [ 70%]
tests/test_recommender.py::TestCatalogLoader::test_get_combined_texts PASSED [ 73%]
tests/test_scraper.py::TestSHLAssessment::test_assessment_creation PASSED [ 76%]
tests/test_scraper.py::TestSHLAssessment::test_type_string PASSED        [ 79%]
tests/test_scraper.py::TestSHLAssessment::test_to_dict PASSED            [ 82%]
tests/test_scraper.py::TestSHLCatalogScraper::test_scraper_initialization PASSED [ 85%]
tests/test_scraper.py::TestSHLCatalogScraper::test_normalize_url PASSED  [ 88%]
tests/test_scraper.py::TestSHLCatalogScraper::test_is_assessment_url PASSED [ 91%]
tests/test_scraper.py::TestSHLCatalogScraper::test_is_bundle_detection PASSED [ 94%]
tests/test_scraper.py::TestSampleCatalog::test_create_sample_catalog PASSED [ 97%]
tests/test_scraper.py::TestSampleCatalog::test_sample_catalog_has_required_fields PASSED [100%]

============================= 34 passed in 23.74s =============================
